Instancia 1 : 31621
Instancia 2 : 67829
Instancia 3 : 143449
Instancia 4 : 28840
Instancia 5 : 15785
Instancia 6 : 99861
Instancia 7 : 1846
Instancia 8 : 624
Instancia 9 : 9576
Instancia 10 : 17264
Instancia 11 : 29965
Instancia 1 : 31621
Instancia 2 : 67829
Instancia 3 : 143449
Instancia 4 : 28840
Instancia 5 : 15785
Instancia 6 : 99861
Instancia 7 : 1910
Instancia 8 : 583
Instancia 9 : 9581
Instancia 10 : 17229
Instancia 11 : 29965
Instancia 12 : 49885
Instancia 13 : 49398
Instancia 14 : 20880
Instancia 15 : 20676
Instancia 16 : 44422
