\begin{tabular}{lrrr}
\toprule
{} &  Eficiente &        GRASP &        Exato \\
\midrule
input1.in  &   0.000049 &     0.012054 &     0.299604 \\
input2.in  &   0.000045 &     0.035831 &     0.831294 \\
input3.in  &   0.000059 &     0.304420 &     2.007281 \\
input4.in  &   0.000049 &     0.082717 &     2.014614 \\
input5.in  &   0.000087 &     1.203739 &     1.989233 \\
input6.in  &   0.000148 &     5.439759 &    26.858557 \\
input7.in  &   0.000224 &     1.355621 &     0.598913 \\
input8.in  &   0.000289 &     3.156068 &     0.785180 \\
input9.in  &   0.000795 &     7.355839 &    10.908195 \\
input10.in &   0.000086 &     0.129530 &     4.878645 \\
input11.in &   0.000082 &     0.260361 &     7.812857 \\
input12.in &   0.009826 &  4115.226108 &  2203.987961 \\
input13.in &   0.011252 &   789.132951 &  1043.048750 \\
input14.in &   0.004796 &  3905.787402 &   431.436847 \\
input15.in &   0.000859 &    30.129698 &     3.979783 \\
input16.in &   0.000832 &    22.595806 &     4.037800 \\
\bottomrule
\end{tabular}
